2016-10-18 09:31:32,976 626  [main] INFO  d.f.i.i.w.ReadOpenWeatherForecast - Executing request 
2016-10-18 09:31:33,800 1450 [main] INFO  d.f.i.i.w.ReadOpenWeatherForecast - Deleted 0 observations.
2016-10-18 09:31:33,802 1452 [main] INFO  d.f.i.i.w.ReadOpenWeatherForecast - forecast value: 2016-10-18T09:00:00.000Z = 284.32
2016-10-18 09:31:33,818 1468 [main] INFO  d.f.i.i.w.ReadOpenWeatherForecast - forecast value: 2016-10-18T12:00:00.000Z = 286.87
2016-10-18 09:31:33,823 1473 [main] INFO  d.f.i.i.w.ReadOpenWeatherForecast - forecast value: 2016-10-18T15:00:00.000Z = 286.28
2016-10-18 09:31:33,828 1478 [main] INFO  d.f.i.i.w.ReadOpenWeatherForecast - forecast value: 2016-10-18T18:00:00.000Z = 284.35
2016-10-18 09:31:33,833 1483 [main] INFO  d.f.i.i.w.ReadOpenWeatherForecast - forecast value: 2016-10-18T21:00:00.000Z = 283.484
2016-10-18 09:31:33,838 1488 [main] INFO  d.f.i.i.w.ReadOpenWeatherForecast - forecast value: 2016-10-19T00:00:00.000Z = 282.984
2016-10-18 09:31:33,843 1493 [main] INFO  d.f.i.i.w.ReadOpenWeatherForecast - forecast value: 2016-10-19T03:00:00.000Z = 283.153
2016-10-18 09:31:33,849 1499 [main] INFO  d.f.i.i.w.ReadOpenWeatherForecast - forecast value: 2016-10-19T06:00:00.000Z = 280.362
2016-10-18 09:31:33,857 1507 [main] INFO  d.f.i.i.w.ReadOpenWeatherForecast - forecast value: 2016-10-19T09:00:00.000Z = 282.936
2016-10-18 09:31:33,865 1515 [main] INFO  d.f.i.i.w.ReadOpenWeatherForecast - forecast value: 2016-10-19T12:00:00.000Z = 283.7
2016-10-18 09:31:33,876 1526 [main] INFO  d.f.i.i.w.ReadOpenWeatherForecast - forecast value: 2016-10-19T15:00:00.000Z = 283.353
2016-10-18 09:31:33,882 1532 [main] INFO  d.f.i.i.w.ReadOpenWeatherForecast - forecast value: 2016-10-19T18:00:00.000Z = 281.111
2016-10-18 09:31:33,888 1538 [main] INFO  d.f.i.i.w.ReadOpenWeatherForecast - forecast value: 2016-10-19T21:00:00.000Z = 281.271
2016-10-18 09:31:33,893 1543 [main] INFO  d.f.i.i.w.ReadOpenWeatherForecast - forecast value: 2016-10-20T00:00:00.000Z = 281.388
2016-10-18 09:31:33,898 1548 [main] INFO  d.f.i.i.w.ReadOpenWeatherForecast - forecast value: 2016-10-20T03:00:00.000Z = 281.36
2016-10-18 09:31:33,905 1555 [main] INFO  d.f.i.i.w.ReadOpenWeatherForecast - forecast value: 2016-10-20T06:00:00.000Z = 281.131
2016-10-18 09:31:33,911 1561 [main] INFO  d.f.i.i.w.ReadOpenWeatherForecast - forecast value: 2016-10-20T09:00:00.000Z = 281.637
2016-10-18 09:31:33,918 1568 [main] INFO  d.f.i.i.w.ReadOpenWeatherForecast - forecast value: 2016-10-20T12:00:00.000Z = 282.712
2016-10-18 09:31:33,924 1574 [main] INFO  d.f.i.i.w.ReadOpenWeatherForecast - forecast value: 2016-10-20T15:00:00.000Z = 282.372
2016-10-18 09:31:33,930 1580 [main] INFO  d.f.i.i.w.ReadOpenWeatherForecast - forecast value: 2016-10-20T18:00:00.000Z = 280.583
2016-10-18 09:31:33,936 1586 [main] INFO  d.f.i.i.w.ReadOpenWeatherForecast - forecast value: 2016-10-20T21:00:00.000Z = 279.986
2016-10-18 09:31:33,941 1591 [main] INFO  d.f.i.i.w.ReadOpenWeatherForecast - forecast value: 2016-10-21T00:00:00.000Z = 278.748
2016-10-18 09:31:33,946 1596 [main] INFO  d.f.i.i.w.ReadOpenWeatherForecast - forecast value: 2016-10-21T03:00:00.000Z = 277.439
2016-10-18 09:31:33,951 1601 [main] INFO  d.f.i.i.w.ReadOpenWeatherForecast - forecast value: 2016-10-21T06:00:00.000Z = 278.63
2016-10-18 09:31:33,957 1607 [main] INFO  d.f.i.i.w.ReadOpenWeatherForecast - forecast value: 2016-10-21T09:00:00.000Z = 280.963
2016-10-18 09:31:33,962 1612 [main] INFO  d.f.i.i.w.ReadOpenWeatherForecast - forecast value: 2016-10-21T12:00:00.000Z = 282.226
2016-10-18 09:31:33,966 1616 [main] INFO  d.f.i.i.w.ReadOpenWeatherForecast - forecast value: 2016-10-21T15:00:00.000Z = 281.73
2016-10-18 09:31:33,973 1623 [main] INFO  d.f.i.i.w.ReadOpenWeatherForecast - forecast value: 2016-10-21T18:00:00.000Z = 280.32
2016-10-18 09:31:33,979 1629 [main] INFO  d.f.i.i.w.ReadOpenWeatherForecast - forecast value: 2016-10-21T21:00:00.000Z = 280.164
2016-10-18 09:31:33,984 1634 [main] INFO  d.f.i.i.w.ReadOpenWeatherForecast - forecast value: 2016-10-22T00:00:00.000Z = 279.864
2016-10-18 09:31:33,990 1640 [main] INFO  d.f.i.i.w.ReadOpenWeatherForecast - forecast value: 2016-10-22T03:00:00.000Z = 279.241
2016-10-18 09:31:33,996 1646 [main] INFO  d.f.i.i.w.ReadOpenWeatherForecast - forecast value: 2016-10-22T06:00:00.000Z = 277.932
2016-10-18 09:31:34,005 1655 [main] INFO  d.f.i.i.w.ReadOpenWeatherForecast - forecast value: 2016-10-22T09:00:00.000Z = 280.113
2016-10-18 09:31:34,014 1664 [main] INFO  d.f.i.i.w.ReadOpenWeatherForecast - forecast value: 2016-10-22T12:00:00.000Z = 281.458
2016-10-18 09:31:34,020 1670 [main] INFO  d.f.i.i.w.ReadOpenWeatherForecast - forecast value: 2016-10-22T15:00:00.000Z = 282.058
2016-10-18 09:31:34,026 1676 [main] INFO  d.f.i.i.w.ReadOpenWeatherForecast - forecast value: 2016-10-22T18:00:00.000Z = 277.751
2016-10-18 09:31:34,032 1682 [main] INFO  d.f.i.i.w.ReadOpenWeatherForecast - forecast value: 2016-10-22T21:00:00.000Z = 275.693
2016-10-18 09:35:01,448 643  [main] INFO  d.f.i.i.w.ReadOpenWeatherForecast - Executing request 
2016-10-18 09:35:02,268 1463 [main] INFO  d.f.i.i.w.ReadOpenWeatherForecast - Deleted 0 observations.
2016-10-18 09:35:02,269 1464 [main] DEBUG d.f.i.i.w.ReadOpenWeatherForecast - forecast value: 2016-10-18T09:00:00.000Z = 284.32
2016-10-18 09:35:02,286 1481 [main] DEBUG d.f.i.i.w.ReadOpenWeatherForecast - forecast value: 2016-10-18T12:00:00.000Z = 286.87
2016-10-18 09:35:02,292 1487 [main] DEBUG d.f.i.i.w.ReadOpenWeatherForecast - forecast value: 2016-10-18T15:00:00.000Z = 286.28
2016-10-18 09:35:02,297 1492 [main] DEBUG d.f.i.i.w.ReadOpenWeatherForecast - forecast value: 2016-10-18T18:00:00.000Z = 284.35
2016-10-18 09:35:02,302 1497 [main] DEBUG d.f.i.i.w.ReadOpenWeatherForecast - forecast value: 2016-10-18T21:00:00.000Z = 283.484
2016-10-18 09:35:02,307 1502 [main] DEBUG d.f.i.i.w.ReadOpenWeatherForecast - forecast value: 2016-10-19T00:00:00.000Z = 282.984
2016-10-18 09:35:02,312 1507 [main] DEBUG d.f.i.i.w.ReadOpenWeatherForecast - forecast value: 2016-10-19T03:00:00.000Z = 283.153
2016-10-18 09:35:02,318 1513 [main] DEBUG d.f.i.i.w.ReadOpenWeatherForecast - forecast value: 2016-10-19T06:00:00.000Z = 280.362
2016-10-18 09:35:02,325 1520 [main] DEBUG d.f.i.i.w.ReadOpenWeatherForecast - forecast value: 2016-10-19T09:00:00.000Z = 282.936
2016-10-18 09:35:02,331 1526 [main] DEBUG d.f.i.i.w.ReadOpenWeatherForecast - forecast value: 2016-10-19T12:00:00.000Z = 283.7
2016-10-18 09:35:02,337 1532 [main] DEBUG d.f.i.i.w.ReadOpenWeatherForecast - forecast value: 2016-10-19T15:00:00.000Z = 283.353
2016-10-18 09:35:02,342 1537 [main] DEBUG d.f.i.i.w.ReadOpenWeatherForecast - forecast value: 2016-10-19T18:00:00.000Z = 281.111
2016-10-18 09:35:02,347 1542 [main] DEBUG d.f.i.i.w.ReadOpenWeatherForecast - forecast value: 2016-10-19T21:00:00.000Z = 281.271
2016-10-18 09:35:02,351 1546 [main] DEBUG d.f.i.i.w.ReadOpenWeatherForecast - forecast value: 2016-10-20T00:00:00.000Z = 281.388
2016-10-18 09:35:02,357 1552 [main] DEBUG d.f.i.i.w.ReadOpenWeatherForecast - forecast value: 2016-10-20T03:00:00.000Z = 281.36
2016-10-18 09:35:02,362 1557 [main] DEBUG d.f.i.i.w.ReadOpenWeatherForecast - forecast value: 2016-10-20T06:00:00.000Z = 281.131
2016-10-18 09:35:02,368 1563 [main] DEBUG d.f.i.i.w.ReadOpenWeatherForecast - forecast value: 2016-10-20T09:00:00.000Z = 281.637
2016-10-18 09:35:02,378 1573 [main] DEBUG d.f.i.i.w.ReadOpenWeatherForecast - forecast value: 2016-10-20T12:00:00.000Z = 282.712
2016-10-18 09:35:02,384 1579 [main] DEBUG d.f.i.i.w.ReadOpenWeatherForecast - forecast value: 2016-10-20T15:00:00.000Z = 282.372
2016-10-18 09:35:02,389 1584 [main] DEBUG d.f.i.i.w.ReadOpenWeatherForecast - forecast value: 2016-10-20T18:00:00.000Z = 280.583
2016-10-18 09:35:02,394 1589 [main] DEBUG d.f.i.i.w.ReadOpenWeatherForecast - forecast value: 2016-10-20T21:00:00.000Z = 279.986
2016-10-18 09:35:02,399 1594 [main] DEBUG d.f.i.i.w.ReadOpenWeatherForecast - forecast value: 2016-10-21T00:00:00.000Z = 278.748
2016-10-18 09:35:02,404 1599 [main] DEBUG d.f.i.i.w.ReadOpenWeatherForecast - forecast value: 2016-10-21T03:00:00.000Z = 277.439
2016-10-18 09:35:02,409 1604 [main] DEBUG d.f.i.i.w.ReadOpenWeatherForecast - forecast value: 2016-10-21T06:00:00.000Z = 278.63
2016-10-18 09:35:02,414 1609 [main] DEBUG d.f.i.i.w.ReadOpenWeatherForecast - forecast value: 2016-10-21T09:00:00.000Z = 280.963
2016-10-18 09:35:02,419 1614 [main] DEBUG d.f.i.i.w.ReadOpenWeatherForecast - forecast value: 2016-10-21T12:00:00.000Z = 282.226
2016-10-18 09:35:02,424 1619 [main] DEBUG d.f.i.i.w.ReadOpenWeatherForecast - forecast value: 2016-10-21T15:00:00.000Z = 281.73
2016-10-18 09:35:02,430 1625 [main] DEBUG d.f.i.i.w.ReadOpenWeatherForecast - forecast value: 2016-10-21T18:00:00.000Z = 280.32
2016-10-18 09:35:02,435 1630 [main] DEBUG d.f.i.i.w.ReadOpenWeatherForecast - forecast value: 2016-10-21T21:00:00.000Z = 280.164
2016-10-18 09:35:02,440 1635 [main] DEBUG d.f.i.i.w.ReadOpenWeatherForecast - forecast value: 2016-10-22T00:00:00.000Z = 279.864
2016-10-18 09:35:02,446 1641 [main] DEBUG d.f.i.i.w.ReadOpenWeatherForecast - forecast value: 2016-10-22T03:00:00.000Z = 279.241
2016-10-18 09:35:02,451 1646 [main] DEBUG d.f.i.i.w.ReadOpenWeatherForecast - forecast value: 2016-10-22T06:00:00.000Z = 277.932
2016-10-18 09:35:02,456 1651 [main] DEBUG d.f.i.i.w.ReadOpenWeatherForecast - forecast value: 2016-10-22T09:00:00.000Z = 280.113
2016-10-18 09:35:02,461 1656 [main] DEBUG d.f.i.i.w.ReadOpenWeatherForecast - forecast value: 2016-10-22T12:00:00.000Z = 281.458
2016-10-18 09:35:02,466 1661 [main] DEBUG d.f.i.i.w.ReadOpenWeatherForecast - forecast value: 2016-10-22T15:00:00.000Z = 282.058
2016-10-18 09:35:02,477 1672 [main] DEBUG d.f.i.i.w.ReadOpenWeatherForecast - forecast value: 2016-10-22T18:00:00.000Z = 277.751
2016-10-18 09:35:02,482 1677 [main] DEBUG d.f.i.i.w.ReadOpenWeatherForecast - forecast value: 2016-10-22T21:00:00.000Z = 275.693
2016-10-18 09:35:02,488 1683 [main] INFO  d.f.i.i.w.ReadOpenWeatherForecast - forecast scann finished
2016-10-18 09:35:42,244 636  [main] INFO  d.f.i.i.w.ReadOpenWeatherForecast - Executing request 
2016-10-18 09:35:43,614 2006 [main] INFO  d.f.i.i.w.ReadOpenWeatherForecast - Deleted 0 observations.
2016-10-18 09:35:43,961 2353 [main] INFO  d.f.i.i.w.ReadOpenWeatherForecast - forecast scann finished
2016-10-18 09:36:27,690 762  [main] INFO  d.f.i.i.w.ReadOpenWeatherForecast - Executing request 
2016-10-18 09:36:54,000 27072 [main] INFO  d.f.i.i.w.ReadOpenWeatherForecast - Deleted 0 observations.
2016-10-18 09:36:54,230 27302 [main] INFO  d.f.i.i.w.ReadOpenWeatherForecast - forecast scann finished
2016-10-18 09:37:33,637 744  [main] INFO  d.f.i.i.w.ReadOpenWeatherForecast - Executing request 
2016-10-18 09:38:51,730 777  [main] INFO  d.f.i.i.w.ReadOpenWeatherForecast - Executing request 
2016-10-18 09:44:20,121 624  [main] INFO  d.f.i.i.w.ReadOpenWeatherForecast - Executing request 
2016-10-18 09:44:21,830 2333 [main] INFO  d.f.i.ilt.sta.model.ext.EntityList - Fetching: http://ebita.iosb.fraunhofer.de/v1.0/Datastreams(93)/Observations?$skip=20
2016-10-18 09:44:22,598 3101 [main] INFO  d.f.i.ilt.sta.model.ext.EntityList - Fetching: http://ebita.iosb.fraunhofer.de/v1.0/Datastreams(93)/Observations?$skip=40
2016-10-18 09:44:23,356 3859 [main] INFO  d.f.i.ilt.sta.model.ext.EntityList - Fetching: http://ebita.iosb.fraunhofer.de/v1.0/Datastreams(93)/Observations?$skip=60
2016-10-18 09:44:23,805 4308 [main] INFO  d.f.i.ilt.sta.model.ext.EntityList - Fetching: http://ebita.iosb.fraunhofer.de/v1.0/Datastreams(93)/Observations?$skip=80
2016-10-18 09:44:24,255 4758 [main] INFO  d.f.i.ilt.sta.model.ext.EntityList - Fetching: http://ebita.iosb.fraunhofer.de/v1.0/Datastreams(93)/Observations?$skip=100
2016-10-18 09:44:24,702 5205 [main] INFO  d.f.i.ilt.sta.model.ext.EntityList - Fetching: http://ebita.iosb.fraunhofer.de/v1.0/Datastreams(93)/Observations?$skip=120
2016-10-18 09:44:26,605 7108 [main] INFO  d.f.i.ilt.sta.model.ext.EntityList - Fetching: http://ebita.iosb.fraunhofer.de/v1.0/Datastreams(93)/Observations?$skip=140
2016-10-18 09:44:28,496 8999 [main] INFO  d.f.i.ilt.sta.model.ext.EntityList - Fetching: http://ebita.iosb.fraunhofer.de/v1.0/Datastreams(93)/Observations?$skip=160
2016-10-18 09:44:30,365 10868 [main] INFO  d.f.i.ilt.sta.model.ext.EntityList - Fetching: http://ebita.iosb.fraunhofer.de/v1.0/Datastreams(93)/Observations?$skip=180
2016-10-18 09:44:33,720 14223 [main] INFO  d.f.i.ilt.sta.model.ext.EntityList - Fetching: http://ebita.iosb.fraunhofer.de/v1.0/Datastreams(93)/Observations?$skip=20
2016-10-18 09:44:35,912 16415 [main] INFO  d.f.i.ilt.sta.model.ext.EntityList - Fetching: http://ebita.iosb.fraunhofer.de/v1.0/Datastreams(93)/Observations?$skip=40
2016-10-18 09:44:38,486 18989 [main] INFO  d.f.i.ilt.sta.model.ext.EntityList - Fetching: http://ebita.iosb.fraunhofer.de/v1.0/Datastreams(93)/Observations?$skip=60
2016-10-18 09:44:39,237 19740 [main] INFO  d.f.i.ilt.sta.model.ext.EntityList - Fetching: http://ebita.iosb.fraunhofer.de/v1.0/Datastreams(93)/Observations?$skip=80
2016-10-18 09:44:54,635 628  [main] INFO  d.f.i.i.w.ReadOpenWeatherForecast - Executing request 
2016-10-18 09:44:57,731 3724 [main] INFO  d.f.i.ilt.sta.model.ext.EntityList - Fetching: http://ebita.iosb.fraunhofer.de/v1.0/Datastreams(93)/Observations?$skip=20
2016-10-18 09:44:58,513 4506 [main] INFO  d.f.i.ilt.sta.model.ext.EntityList - Fetching: http://ebita.iosb.fraunhofer.de/v1.0/Datastreams(93)/Observations?$skip=40
2016-10-18 09:44:59,183 5176 [main] INFO  d.f.i.i.w.ReadOpenWeatherForecast - Deleted 40 observations.
2016-10-18 09:44:59,454 5447 [main] INFO  d.f.i.i.w.ReadOpenWeatherForecast - forecast scann finished
2016-10-18 09:46:13,765 621  [main] INFO  d.f.i.i.w.ReadOpenWeatherForecast - Executing request 
2016-10-18 09:46:42,715 29571 [main] INFO  d.f.i.i.w.ReadOpenWeatherForecast - Deleted 63 observations.
2016-10-18 09:46:43,043 29899 [main] INFO  d.f.i.i.w.ReadOpenWeatherForecast - forecast scann finished
2016-10-18 09:59:35,118 641  [main] INFO  d.f.i.i.w.ReadOpenWeatherForecast - Executing request 
2016-10-18 10:00:02,294 27817 [main] INFO  d.f.i.i.w.ReadOpenWeatherForecast - Deleted 37 observations.
2016-10-18 10:00:02,627 28150 [main] INFO  d.f.i.i.w.ReadOpenWeatherForecast - new forcast data added37
2016-10-18 10:00:02,627 28150 [main] INFO  d.f.i.i.w.ReadOpenWeatherForecast - forecast scann finished
2016-10-18 10:01:59,577 616  [main] INFO  d.f.i.i.w.ReadOpenWeatherForecast - Executing request 
2016-10-18 10:01:59,652 691  [main] INFO  d.f.i.i.w.ReadOpenWeatherForecast - forecast data fetched
2016-10-18 10:02:27,900 28939 [main] INFO  d.f.i.i.w.ReadOpenWeatherForecast - Deleted 37 observations.
2016-10-18 10:02:28,159 29198 [main] INFO  d.f.i.i.w.ReadOpenWeatherForecast - new forcast data added: 37 new observations
2016-10-18 10:02:28,160 29199 [main] INFO  d.f.i.i.w.ReadOpenWeatherForecast - forecast scann finished
2016-10-18 10:03:40,000 624  [main] INFO  d.f.i.i.w.ReadOpenWeatherForecast - Executing request 
2016-10-18 10:03:40,086 710  [main] INFO  d.f.i.i.w.ReadOpenWeatherForecast - forecast data fetched
2016-10-18 10:04:07,492 28116 [main] INFO  d.f.i.i.w.ReadOpenWeatherForecast - deleted old forcast data: 37 observations deleted.
2016-10-18 10:04:07,810 28434 [main] INFO  d.f.i.i.w.ReadOpenWeatherForecast - new forcast data added: 37 new observations
2016-10-18 10:04:07,810 28434 [main] INFO  d.f.i.i.w.ReadOpenWeatherForecast - forecast scann finished
2016-10-18 10:05:09,152 631  [main] INFO  d.f.i.i.w.ReadOpenWeatherForecast - Executing request 
2016-10-18 10:05:09,251 730  [main] INFO  d.f.i.i.w.ReadOpenWeatherForecast - forecast data fetched
2016-10-18 10:05:36,470 27949 [main] INFO  d.f.i.i.w.ReadOpenWeatherForecast - delete old forcast data: 37 observations deleted.
2016-10-18 10:05:36,825 28304 [main] INFO  d.f.i.i.w.ReadOpenWeatherForecast - new forcast data added: 37 new observations
